Arguments: 
  /usr/bin/node /usr/bin/yarn install

PATH: 
  /home/vagrant/.composer/vendor/bin:/usr/local/sbin:/usr/local/bin:/usr/sbin:/usr/bin:/sbin:/bin:/usr/games:/usr/local/games:/snap/bin

Yarn version: 
  1.22.4

Node version: 
  12.16.2

Platform: 
  linux x64

Trace: 
  Error: EPROTO: protocol error, symlink '../../../parser/bin/babel-parser.js' -> '/home/vagrant/supplycart/node_modules/@babel/core/node_modules/.bin/parser'

npm manifest: 
  {
      "private": true,
      "scripts": {
          "dev": "npm run development",
          "development": "cross-env NODE_ENV=development node_modules/webpack/bin/webpack.js --progress --config=node_modules/laravel-mix/setup/webpack.config.js",
          "watch": "npm run development -- --watch",
          "watch-poll": "npm run watch -- --watch-poll",
          "hot": "cross-env NODE_ENV=development node_modules/webpack-dev-server/bin/webpack-dev-server.js --inline --hot --disable-host-check --config=node_modules/laravel-mix/setup/webpack.config.js",
          "prod": "npm run production",
          "production": "cross-env NODE_ENV=production node_modules/webpack/bin/webpack.js --no-progress --config=node_modules/laravel-mix/setup/webpack.config.js"
      },
      "devDependencies": {
          "@tailwindcss/ui": "^0.6.0",
          "axios": "^0.19",
          "cross-env": "^7.0",
          "laravel-mix": "^5.0.1",
          "lodash": "^4.17.19",
          "postcss-import": "^12.0.1",
          "resolve-url-loader": "^3.1.0",
          "tailwindcss": "^1.8.0"
      }
  }

yarn manifest: 
  No manifest

Lockfile: 
  No lockfile
